** xajax Error Log - Sep 20 2011 05:49:45 PM **

----
[WARNING] array_key_exists() expects parameter 2 to be array, null given
Error on line 80 of file /Users/ritter/Sites/xajax_modelo/lib/geraTabelaRelatorio.inc.php
----
[WARNING] array_key_exists() expects parameter 2 to be array, null given
Error on line 80 of file /Users/ritter/Sites/xajax_modelo/lib/geraTabelaRelatorio.inc.php
----
[WARNING] array_key_exists() expects parameter 2 to be array, null given
Error on line 80 of file /Users/ritter/Sites/xajax_modelo/lib/geraTabelaRelatorio.inc.php
----
[WARNING] array_key_exists() expects parameter 2 to be array, null given
Error on line 80 of file /Users/ritter/Sites/xajax_modelo/lib/geraTabelaRelatorio.inc.php
----
[WARNING] array_key_exists() expects parameter 2 to be array, null given
Error on line 80 of file /Users/ritter/Sites/xajax_modelo/lib/geraTabelaRelatorio.inc.php
----
[WARNING] array_key_exists() expects parameter 2 to be array, null given
Error on line 80 of file /Users/ritter/Sites/xajax_modelo/lib/geraTabelaRelatorio.inc.php
----
[WARNING] array_key_exists() expects parameter 2 to be array, null given
Error on line 80 of file /Users/ritter/Sites/xajax_modelo/lib/geraTabelaRelatorio.inc.php
----
[WARNING] array_key_exists() expects parameter 2 to be array, null given
Error on line 80 of file /Users/ritter/Sites/xajax_modelo/lib/geraTabelaRelatorio.inc.php
----
[WARNING] array_key_exists() expects parameter 2 to be array, null given
Error on line 80 of file /Users/ritter/Sites/xajax_modelo/lib/geraTabelaRelatorio.inc.php
----
[WARNING] array_key_exists() expects parameter 2 to be array, null given
Error on line 80 of file /Users/ritter/Sites/xajax_modelo/lib/geraTabelaRelatorio.inc.php
----
[WARNING] array_key_exists() expects parameter 2 to be array, null given
Error on line 80 of file /Users/ritter/Sites/xajax_modelo/lib/geraTabelaRelatorio.inc.php
----
[WARNING] array_key_exists() expects parameter 2 to be array, null given
Error on line 80 of file /Users/ritter/Sites/xajax_modelo/lib/geraTabelaRelatorio.inc.php


** xajax Error Log - Sep 20 2011 05:50:44 PM **

----
[WARNING] array_key_exists() expects parameter 2 to be array, null given
Error on line 80 of file /Users/ritter/Sites/xajax_modelo/lib/geraTabelaRelatorio.inc.php
----
[WARNING] array_key_exists() expects parameter 2 to be array, null given
Error on line 80 of file /Users/ritter/Sites/xajax_modelo/lib/geraTabelaRelatorio.inc.php
----
[WARNING] array_key_exists() expects parameter 2 to be array, null given
Error on line 80 of file /Users/ritter/Sites/xajax_modelo/lib/geraTabelaRelatorio.inc.php
----
[WARNING] array_key_exists() expects parameter 2 to be array, null given
Error on line 80 of file /Users/ritter/Sites/xajax_modelo/lib/geraTabelaRelatorio.inc.php
----
[WARNING] array_key_exists() expects parameter 2 to be array, null given
Error on line 80 of file /Users/ritter/Sites/xajax_modelo/lib/geraTabelaRelatorio.inc.php
----
[WARNING] array_key_exists() expects parameter 2 to be array, null given
Error on line 80 of file /Users/ritter/Sites/xajax_modelo/lib/geraTabelaRelatorio.inc.php
----
[WARNING] array_key_exists() expects parameter 2 to be array, null given
Error on line 80 of file /Users/ritter/Sites/xajax_modelo/lib/geraTabelaRelatorio.inc.php
----
[WARNING] array_key_exists() expects parameter 2 to be array, null given
Error on line 80 of file /Users/ritter/Sites/xajax_modelo/lib/geraTabelaRelatorio.inc.php
----
[WARNING] array_key_exists() expects parameter 2 to be array, null given
Error on line 80 of file /Users/ritter/Sites/xajax_modelo/lib/geraTabelaRelatorio.inc.php
----
[WARNING] array_key_exists() expects parameter 2 to be array, null given
Error on line 80 of file /Users/ritter/Sites/xajax_modelo/lib/geraTabelaRelatorio.inc.php
----
[WARNING] array_key_exists() expects parameter 2 to be array, null given
Error on line 80 of file /Users/ritter/Sites/xajax_modelo/lib/geraTabelaRelatorio.inc.php
----
[WARNING] array_key_exists() expects parameter 2 to be array, null given
Error on line 80 of file /Users/ritter/Sites/xajax_modelo/lib/geraTabelaRelatorio.inc.php


** xajax Error Log - Sep 20 2011 05:51:12 PM **

----
[WARNING] array_key_exists() expects parameter 2 to be array, null given
Error on line 80 of file /Users/ritter/Sites/xajax_modelo/lib/geraTabelaRelatorio.inc.php
----
[WARNING] array_key_exists() expects parameter 2 to be array, null given
Error on line 80 of file /Users/ritter/Sites/xajax_modelo/lib/geraTabelaRelatorio.inc.php
----
[WARNING] array_key_exists() expects parameter 2 to be array, null given
Error on line 80 of file /Users/ritter/Sites/xajax_modelo/lib/geraTabelaRelatorio.inc.php
----
[WARNING] array_key_exists() expects parameter 2 to be array, null given
Error on line 80 of file /Users/ritter/Sites/xajax_modelo/lib/geraTabelaRelatorio.inc.php
----
[WARNING] array_key_exists() expects parameter 2 to be array, null given
Error on line 80 of file /Users/ritter/Sites/xajax_modelo/lib/geraTabelaRelatorio.inc.php
----
[WARNING] array_key_exists() expects parameter 2 to be array, null given
Error on line 80 of file /Users/ritter/Sites/xajax_modelo/lib/geraTabelaRelatorio.inc.php
----
[WARNING] array_key_exists() expects parameter 2 to be array, null given
Error on line 80 of file /Users/ritter/Sites/xajax_modelo/lib/geraTabelaRelatorio.inc.php
----
[WARNING] array_key_exists() expects parameter 2 to be array, null given
Error on line 80 of file /Users/ritter/Sites/xajax_modelo/lib/geraTabelaRelatorio.inc.php
----
[WARNING] array_key_exists() expects parameter 2 to be array, null given
Error on line 80 of file /Users/ritter/Sites/xajax_modelo/lib/geraTabelaRelatorio.inc.php
----
[WARNING] array_key_exists() expects parameter 2 to be array, null given
Error on line 80 of file /Users/ritter/Sites/xajax_modelo/lib/geraTabelaRelatorio.inc.php
----
[WARNING] array_key_exists() expects parameter 2 to be array, null given
Error on line 80 of file /Users/ritter/Sites/xajax_modelo/lib/geraTabelaRelatorio.inc.php
----
[WARNING] array_key_exists() expects parameter 2 to be array, null given
Error on line 80 of file /Users/ritter/Sites/xajax_modelo/lib/geraTabelaRelatorio.inc.php


** xajax Error Log - Sep 20 2011 05:51:39 PM **

----
[WARNING] array_key_exists() expects parameter 2 to be array, null given
Error on line 80 of file /Users/ritter/Sites/xajax_modelo/lib/geraTabelaRelatorio.inc.php
----
[WARNING] array_key_exists() expects parameter 2 to be array, null given
Error on line 80 of file /Users/ritter/Sites/xajax_modelo/lib/geraTabelaRelatorio.inc.php
----
[WARNING] array_key_exists() expects parameter 2 to be array, null given
Error on line 80 of file /Users/ritter/Sites/xajax_modelo/lib/geraTabelaRelatorio.inc.php
----
[WARNING] array_key_exists() expects parameter 2 to be array, null given
Error on line 80 of file /Users/ritter/Sites/xajax_modelo/lib/geraTabelaRelatorio.inc.php
----
[WARNING] array_key_exists() expects parameter 2 to be array, null given
Error on line 80 of file /Users/ritter/Sites/xajax_modelo/lib/geraTabelaRelatorio.inc.php
----
[WARNING] array_key_exists() expects parameter 2 to be array, null given
Error on line 80 of file /Users/ritter/Sites/xajax_modelo/lib/geraTabelaRelatorio.inc.php
----
[WARNING] array_key_exists() expects parameter 2 to be array, null given
Error on line 80 of file /Users/ritter/Sites/xajax_modelo/lib/geraTabelaRelatorio.inc.php
----
[WARNING] array_key_exists() expects parameter 2 to be array, null given
Error on line 80 of file /Users/ritter/Sites/xajax_modelo/lib/geraTabelaRelatorio.inc.php
----
[WARNING] array_key_exists() expects parameter 2 to be array, null given
Error on line 80 of file /Users/ritter/Sites/xajax_modelo/lib/geraTabelaRelatorio.inc.php
----
[WARNING] array_key_exists() expects parameter 2 to be array, null given
Error on line 80 of file /Users/ritter/Sites/xajax_modelo/lib/geraTabelaRelatorio.inc.php
----
[WARNING] array_key_exists() expects parameter 2 to be array, null given
Error on line 80 of file /Users/ritter/Sites/xajax_modelo/lib/geraTabelaRelatorio.inc.php
----
[WARNING] array_key_exists() expects parameter 2 to be array, null given
Error on line 80 of file /Users/ritter/Sites/xajax_modelo/lib/geraTabelaRelatorio.inc.php
----
[WARNING] array_key_exists() expects parameter 2 to be array, null given
Error on line 80 of file /Users/ritter/Sites/xajax_modelo/lib/geraTabelaRelatorio.inc.php
----
[WARNING] array_key_exists() expects parameter 2 to be array, null given
Error on line 80 of file /Users/ritter/Sites/xajax_modelo/lib/geraTabelaRelatorio.inc.php
----
[WARNING] array_key_exists() expects parameter 2 to be array, null given
Error on line 80 of file /Users/ritter/Sites/xajax_modelo/lib/geraTabelaRelatorio.inc.php
----
[WARNING] array_key_exists() expects parameter 2 to be array, null given
Error on line 80 of file /Users/ritter/Sites/xajax_modelo/lib/geraTabelaRelatorio.inc.php


** xajax Error Log - Sep 20 2011 05:51:51 PM **

----
[WARNING] array_key_exists() expects parameter 2 to be array, null given
Error on line 80 of file /Users/ritter/Sites/xajax_modelo/lib/geraTabelaRelatorio.inc.php
----
[WARNING] array_key_exists() expects parameter 2 to be array, null given
Error on line 80 of file /Users/ritter/Sites/xajax_modelo/lib/geraTabelaRelatorio.inc.php
----
[WARNING] array_key_exists() expects parameter 2 to be array, null given
Error on line 80 of file /Users/ritter/Sites/xajax_modelo/lib/geraTabelaRelatorio.inc.php
----
[WARNING] array_key_exists() expects parameter 2 to be array, null given
Error on line 80 of file /Users/ritter/Sites/xajax_modelo/lib/geraTabelaRelatorio.inc.php
----
[WARNING] array_key_exists() expects parameter 2 to be array, null given
Error on line 80 of file /Users/ritter/Sites/xajax_modelo/lib/geraTabelaRelatorio.inc.php
----
[WARNING] array_key_exists() expects parameter 2 to be array, null given
Error on line 80 of file /Users/ritter/Sites/xajax_modelo/lib/geraTabelaRelatorio.inc.php
----
[WARNING] array_key_exists() expects parameter 2 to be array, null given
Error on line 80 of file /Users/ritter/Sites/xajax_modelo/lib/geraTabelaRelatorio.inc.php
----
[WARNING] array_key_exists() expects parameter 2 to be array, null given
Error on line 80 of file /Users/ritter/Sites/xajax_modelo/lib/geraTabelaRelatorio.inc.php
----
[WARNING] array_key_exists() expects parameter 2 to be array, null given
Error on line 80 of file /Users/ritter/Sites/xajax_modelo/lib/geraTabelaRelatorio.inc.php
----
[WARNING] array_key_exists() expects parameter 2 to be array, null given
Error on line 80 of file /Users/ritter/Sites/xajax_modelo/lib/geraTabelaRelatorio.inc.php
----
[WARNING] array_key_exists() expects parameter 2 to be array, null given
Error on line 80 of file /Users/ritter/Sites/xajax_modelo/lib/geraTabelaRelatorio.inc.php
----
[WARNING] array_key_exists() expects parameter 2 to be array, null given
Error on line 80 of file /Users/ritter/Sites/xajax_modelo/lib/geraTabelaRelatorio.inc.php


** xajax Error Log - Sep 20 2011 05:53:11 PM **

----
[WARNING] array_key_exists() expects parameter 2 to be array, null given
Error on line 80 of file /Users/ritter/Sites/xajax_modelo/lib/geraTabelaRelatorio.inc.php
----
[WARNING] array_key_exists() expects parameter 2 to be array, null given
Error on line 80 of file /Users/ritter/Sites/xajax_modelo/lib/geraTabelaRelatorio.inc.php
----
[WARNING] array_key_exists() expects parameter 2 to be array, null given
Error on line 80 of file /Users/ritter/Sites/xajax_modelo/lib/geraTabelaRelatorio.inc.php
----
[WARNING] array_key_exists() expects parameter 2 to be array, null given
Error on line 80 of file /Users/ritter/Sites/xajax_modelo/lib/geraTabelaRelatorio.inc.php
----
[WARNING] array_key_exists() expects parameter 2 to be array, null given
Error on line 80 of file /Users/ritter/Sites/xajax_modelo/lib/geraTabelaRelatorio.inc.php
----
[WARNING] array_key_exists() expects parameter 2 to be array, null given
Error on line 80 of file /Users/ritter/Sites/xajax_modelo/lib/geraTabelaRelatorio.inc.php
----
[WARNING] array_key_exists() expects parameter 2 to be array, null given
Error on line 80 of file /Users/ritter/Sites/xajax_modelo/lib/geraTabelaRelatorio.inc.php
----
[WARNING] array_key_exists() expects parameter 2 to be array, null given
Error on line 80 of file /Users/ritter/Sites/xajax_modelo/lib/geraTabelaRelatorio.inc.php
----
[WARNING] array_key_exists() expects parameter 2 to be array, null given
Error on line 80 of file /Users/ritter/Sites/xajax_modelo/lib/geraTabelaRelatorio.inc.php
----
[WARNING] array_key_exists() expects parameter 2 to be array, null given
Error on line 80 of file /Users/ritter/Sites/xajax_modelo/lib/geraTabelaRelatorio.inc.php
----
[WARNING] array_key_exists() expects parameter 2 to be array, null given
Error on line 80 of file /Users/ritter/Sites/xajax_modelo/lib/geraTabelaRelatorio.inc.php
----
[WARNING] array_key_exists() expects parameter 2 to be array, null given
Error on line 80 of file /Users/ritter/Sites/xajax_modelo/lib/geraTabelaRelatorio.inc.php
----
[WARNING] array_key_exists() expects parameter 2 to be array, null given
Error on line 80 of file /Users/ritter/Sites/xajax_modelo/lib/geraTabelaRelatorio.inc.php
----
[WARNING] array_key_exists() expects parameter 2 to be array, null given
Error on line 80 of file /Users/ritter/Sites/xajax_modelo/lib/geraTabelaRelatorio.inc.php
----
[WARNING] array_key_exists() expects parameter 2 to be array, null given
Error on line 80 of file /Users/ritter/Sites/xajax_modelo/lib/geraTabelaRelatorio.inc.php
----
[WARNING] array_key_exists() expects parameter 2 to be array, null given
Error on line 80 of file /Users/ritter/Sites/xajax_modelo/lib/geraTabelaRelatorio.inc.php


** xajax Error Log - Jan 20 2012 06:18:44 PM **

----
[UNKNOWN: 8192] Function split() is deprecated
Error on line 63 of file /Users/ritter/Sites/xajax_base/includes/libLoader.php


** xajax Error Log - Jan 20 2012 06:19:29 PM **

----
[UNKNOWN: 8192] Function split() is deprecated
Error on line 63 of file /Users/ritter/Sites/xajax_base/includes/libLoader.php


** xajax Error Log - Jan 20 2012 06:24:56 PM **

----
[UNKNOWN: 8192] Function split() is deprecated
Error on line 63 of file /Users/ritter/Sites/xajax_base/includes/libLoader.php


** xajax Error Log - Jan 20 2012 06:26:43 PM **

----
[UNKNOWN: 8192] Function split() is deprecated
Error on line 63 of file /Users/ritter/Sites/xajax_base/includes/libLoader.php


** xajax Error Log - Jan 20 2012 06:27:07 PM **

----
[UNKNOWN: 8192] Function split() is deprecated
Error on line 63 of file /Users/ritter/Sites/xajax_base/includes/libLoader.php


** xajax Error Log - Jan 20 2012 06:27:25 PM **

----
[UNKNOWN: 8192] Function split() is deprecated
Error on line 63 of file /Users/ritter/Sites/xajax_base/includes/libLoader.php


** xajax Error Log - Jan 20 2012 06:30:10 PM **

----
[UNKNOWN: 8192] Function split() is deprecated
Error on line 63 of file /Users/ritter/Sites/xajax_base/includes/libLoader.php


** xajax Error Log - Jan 20 2012 06:34:19 PM **

----
[UNKNOWN: 8192] Function split() is deprecated
Error on line 63 of file /Users/ritter/Sites/xajax_base/includes/libLoader.php


** xajax Error Log - Jan 20 2012 06:36:06 PM **

----
[UNKNOWN: 8192] Function split() is deprecated
Error on line 63 of file /Users/ritter/Sites/xajax_base/includes/libLoader.php


** xajax Error Log - Jan 20 2012 06:36:35 PM **

----
[UNKNOWN: 8192] Function split() is deprecated
Error on line 63 of file /Users/ritter/Sites/xajax_base/includes/libLoader.php


** xajax Error Log - Jan 20 2012 06:36:35 PM **

----
[UNKNOWN: 8192] Function split() is deprecated
Error on line 63 of file /Users/ritter/Sites/xajax_base/includes/libLoader.php


** xajax Error Log - Jan 20 2012 06:40:40 PM **

----
[UNKNOWN: 8192] Function split() is deprecated
Error on line 63 of file /Users/ritter/Sites/xajax_base/includes/libLoader.php


** xajax Error Log - Jan 20 2012 06:40:41 PM **

----
[UNKNOWN: 8192] Function split() is deprecated
Error on line 63 of file /Users/ritter/Sites/xajax_base/includes/libLoader.php


** xajax Error Log - Jan 20 2012 06:41:00 PM **

----
[UNKNOWN: 8192] Function split() is deprecated
Error on line 63 of file /Users/ritter/Sites/xajax_base/includes/libLoader.php


** xajax Error Log - Jan 20 2012 06:41:01 PM **

----
[UNKNOWN: 8192] Function split() is deprecated
Error on line 63 of file /Users/ritter/Sites/xajax_base/includes/libLoader.php


** xajax Error Log - Jan 20 2012 06:41:36 PM **

----
[UNKNOWN: 8192] Function split() is deprecated
Error on line 63 of file /Users/ritter/Sites/xajax_base/includes/libLoader.php


** xajax Error Log - Jan 20 2012 06:41:37 PM **

----
[UNKNOWN: 8192] Function split() is deprecated
Error on line 63 of file /Users/ritter/Sites/xajax_base/includes/libLoader.php


** xajax Error Log - Jan 20 2012 06:42:50 PM **

----
[UNKNOWN: 8192] Function split() is deprecated
Error on line 63 of file /Users/ritter/Sites/xajax_base/includes/libLoader.php


** xajax Error Log - Jan 20 2012 06:42:51 PM **

----
[UNKNOWN: 8192] Function split() is deprecated
Error on line 63 of file /Users/ritter/Sites/xajax_base/includes/libLoader.php


** xajax Error Log - Jan 20 2012 06:42:56 PM **

----
[UNKNOWN: 8192] Function split() is deprecated
Error on line 63 of file /Users/ritter/Sites/xajax_base/includes/libLoader.php


** xajax Error Log - Jan 20 2012 06:43:13 PM **

----
[UNKNOWN: 8192] Function split() is deprecated
Error on line 63 of file /Users/ritter/Sites/xajax_base/includes/libLoader.php


** xajax Error Log - Jan 20 2012 06:48:03 PM **

----
[UNKNOWN: 8192] Function split() is deprecated
Error on line 63 of file /Users/ritter/Sites/xajax_base/includes/libLoader.php


** xajax Error Log - Jan 20 2012 06:48:06 PM **

----
[UNKNOWN: 8192] Function split() is deprecated
Error on line 63 of file /Users/ritter/Sites/xajax_base/includes/libLoader.php


** xajax Error Log - Jan 20 2012 06:48:22 PM **

----
[UNKNOWN: 8192] Function split() is deprecated
Error on line 63 of file /Users/ritter/Sites/xajax_base/includes/libLoader.php


** xajax Error Log - Jan 20 2012 06:48:22 PM **

----
[UNKNOWN: 8192] Function split() is deprecated
Error on line 63 of file /Users/ritter/Sites/xajax_base/includes/libLoader.php


** xajax Error Log - Jan 20 2012 06:48:31 PM **

----
[UNKNOWN: 8192] Function split() is deprecated
Error on line 63 of file /Users/ritter/Sites/xajax_base/includes/libLoader.php


** xajax Error Log - Jan 20 2012 06:49:42 PM **

----
[UNKNOWN: 8192] Function split() is deprecated
Error on line 63 of file /Users/ritter/Sites/xajax_base/includes/libLoader.php


** xajax Error Log - Jan 20 2012 06:53:23 PM **

----
[UNKNOWN: 8192] Function split() is deprecated
Error on line 63 of file /Users/ritter/Sites/xajax_base/includes/libLoader.php


** xajax Error Log - Jan 20 2012 06:53:33 PM **

----
[UNKNOWN: 8192] Function split() is deprecated
Error on line 63 of file /Users/ritter/Sites/xajax_base/includes/libLoader.php


** xajax Error Log - Jan 20 2012 07:00:55 PM **

----
[UNKNOWN: 8192] Function split() is deprecated
Error on line 63 of file /Users/ritter/Sites/xajax_base/includes/libLoader.php


** xajax Error Log - Jan 20 2012 07:01:13 PM **

----
[UNKNOWN: 8192] Function split() is deprecated
Error on line 63 of file /Users/ritter/Sites/xajax_base/includes/libLoader.php


** xajax Error Log - Jan 20 2012 07:01:16 PM **

----
[UNKNOWN: 8192] Function split() is deprecated
Error on line 63 of file /Users/ritter/Sites/xajax_base/includes/libLoader.php


** xajax Error Log - Jan 20 2012 07:01:19 PM **

----
[UNKNOWN: 8192] Function split() is deprecated
Error on line 63 of file /Users/ritter/Sites/xajax_base/includes/libLoader.php


** xajax Error Log - Jan 20 2012 07:02:17 PM **

----
[UNKNOWN: 8192] Function split() is deprecated
Error on line 63 of file /Users/ritter/Sites/xajax_base/includes/libLoader.php


** xajax Error Log - Jan 20 2012 07:02:23 PM **

----
[UNKNOWN: 8192] Function split() is deprecated
Error on line 63 of file /Users/ritter/Sites/xajax_base/includes/libLoader.php


** xajax Error Log - Jan 20 2012 07:02:26 PM **

----
[UNKNOWN: 8192] Function split() is deprecated
Error on line 63 of file /Users/ritter/Sites/xajax_base/includes/libLoader.php


** xajax Error Log - Jan 20 2012 07:02:46 PM **

----
[UNKNOWN: 8192] Function split() is deprecated
Error on line 63 of file /Users/ritter/Sites/xajax_base/includes/libLoader.php


** xajax Error Log - Jan 20 2012 07:08:36 PM **

----
[UNKNOWN: 8192] Function split() is deprecated
Error on line 63 of file /Users/ritter/Sites/xajax_base/includes/libLoader.php


** xajax Error Log - Jan 20 2012 07:11:19 PM **

----
[UNKNOWN: 8192] Function split() is deprecated
Error on line 63 of file /Users/ritter/Sites/xajax_base/includes/libLoader.php


** xajax Error Log - Jan 20 2012 07:11:24 PM **

----
[UNKNOWN: 8192] Function split() is deprecated
Error on line 63 of file /Users/ritter/Sites/xajax_base/includes/libLoader.php


** xajax Error Log - Jan 20 2012 07:15:33 PM **

----
[UNKNOWN: 8192] Function split() is deprecated
Error on line 63 of file /Users/ritter/Sites/xajax_base/includes/libLoader.php


** xajax Error Log - Jan 20 2012 07:16:50 PM **

----
[UNKNOWN: 8192] Function split() is deprecated
Error on line 63 of file /Users/ritter/Sites/xajax_base/includes/libLoader.php


** xajax Error Log - Jan 20 2012 07:19:28 PM **

----
[UNKNOWN: 8192] Function split() is deprecated
Error on line 63 of file /Users/ritter/Sites/xajax_base/includes/libLoader.php


** xajax Error Log - Jan 20 2012 07:19:39 PM **

----
[UNKNOWN: 8192] Function split() is deprecated
Error on line 63 of file /Users/ritter/Sites/xajax_base/includes/libLoader.php


** xajax Error Log - Jan 20 2012 07:20:32 PM **

----
[UNKNOWN: 8192] Function split() is deprecated
Error on line 63 of file /Users/ritter/Sites/xajax_base/includes/libLoader.php


** xajax Error Log - Jan 20 2012 07:20:34 PM **

----
[UNKNOWN: 8192] Function split() is deprecated
Error on line 63 of file /Users/ritter/Sites/xajax_base/includes/libLoader.php


** xajax Error Log - Jan 20 2012 07:21:23 PM **

----
[UNKNOWN: 8192] Function split() is deprecated
Error on line 63 of file /Users/ritter/Sites/xajax_base/includes/libLoader.php


** xajax Error Log - Jan 20 2012 07:21:25 PM **

----
[UNKNOWN: 8192] Function split() is deprecated
Error on line 63 of file /Users/ritter/Sites/xajax_base/includes/libLoader.php


** xajax Error Log - Jan 20 2012 07:21:45 PM **

----
[UNKNOWN: 8192] Function split() is deprecated
Error on line 63 of file /Users/ritter/Sites/xajax_base/includes/libLoader.php


** xajax Error Log - Jan 20 2012 08:17:59 PM **

----
[UNKNOWN: 8192] Function split() is deprecated
Error on line 63 of file /Users/ritter/Sites/xajax_base/includes/libLoader.php


** xajax Error Log - Jan 20 2012 08:18:13 PM **

----
[UNKNOWN: 8192] Function split() is deprecated
Error on line 63 of file /Users/ritter/Sites/xajax_base/includes/libLoader.php


** xajax Error Log - Jan 20 2012 08:19:09 PM **

----
[UNKNOWN: 8192] Function split() is deprecated
Error on line 63 of file /Users/ritter/Sites/xajax_base/includes/libLoader.php


** xajax Error Log - Jan 20 2012 08:20:34 PM **

----
[UNKNOWN: 8192] Function split() is deprecated
Error on line 63 of file /Users/ritter/Sites/xajax_base/includes/libLoader.php


** xajax Error Log - Jan 20 2012 08:22:08 PM **

----
[UNKNOWN: 8192] Function split() is deprecated
Error on line 63 of file /Users/ritter/Sites/xajax_base/includes/libLoader.php


** xajax Error Log - Jan 20 2012 08:23:08 PM **

----
[UNKNOWN: 8192] Function split() is deprecated
Error on line 63 of file /Users/ritter/Sites/xajax_base/includes/libLoader.php


** xajax Error Log - Jan 20 2012 08:23:48 PM **

----
[UNKNOWN: 8192] Function split() is deprecated
Error on line 63 of file /Users/ritter/Sites/xajax_base/includes/libLoader.php


** xajax Error Log - Jan 20 2012 08:26:12 PM **

----
[UNKNOWN: 8192] Function split() is deprecated
Error on line 63 of file /Users/ritter/Sites/xajax_base/includes/libLoader.php


** xajax Error Log - Jan 20 2012 08:27:38 PM **

----
[UNKNOWN: 8192] Function split() is deprecated
Error on line 63 of file /Users/ritter/Sites/xajax_base/includes/libLoader.php


** xajax Error Log - Jan 20 2012 08:28:05 PM **

----
[UNKNOWN: 8192] Function split() is deprecated
Error on line 63 of file /Users/ritter/Sites/xajax_base/includes/libLoader.php


** xajax Error Log - Jan 20 2012 08:28:53 PM **

----
[UNKNOWN: 8192] Function split() is deprecated
Error on line 63 of file /Users/ritter/Sites/xajax_base/includes/libLoader.php


** xajax Error Log - Jan 20 2012 08:29:54 PM **

----
[UNKNOWN: 8192] Function split() is deprecated
Error on line 63 of file /Users/ritter/Sites/xajax_base/includes/libLoader.php


** xajax Error Log - Jan 20 2012 08:30:36 PM **

----
[UNKNOWN: 8192] Function split() is deprecated
Error on line 63 of file /Users/ritter/Sites/xajax_base/includes/libLoader.php


** xajax Error Log - Jan 20 2012 08:30:38 PM **

----
[UNKNOWN: 8192] Function split() is deprecated
Error on line 63 of file /Users/ritter/Sites/xajax_base/includes/libLoader.php


** xajax Error Log - Jan 23 2012 02:03:41 PM **

----
[WARNING] sprintf() [<a href='function.sprintf'>function.sprintf</a>]: Too few arguments
Error on line 54 of file /Users/ritter/Sites/xajax_base/components/config/cadastroVeiculos.inc.php


** xajax Error Log - Jan 23 2012 02:04:25 PM **

----
[WARNING] sprintf() [<a href='function.sprintf'>function.sprintf</a>]: Too few arguments
Error on line 54 of file /Users/ritter/Sites/xajax_base/components/config/cadastroVeiculos.inc.php


** xajax Error Log - Jan 23 2012 02:05:36 PM **

----
[WARNING] sprintf() [<a href='function.sprintf'>function.sprintf</a>]: Too few arguments
Error on line 54 of file /Users/ritter/Sites/xajax_base/components/config/cadastroVeiculos.inc.php


** xajax Error Log - Jan 23 2012 02:05:39 PM **

----
[WARNING] sprintf() [<a href='function.sprintf'>function.sprintf</a>]: Too few arguments
Error on line 54 of file /Users/ritter/Sites/xajax_base/components/config/cadastroVeiculos.inc.php


